<?xml version="1.0" encoding="UTF-8"?>
<testsuite name="DefaultBeanFactoryTest" tests="1" skipped="0" failures="0" errors="0" timestamp="2022-03-31T01:51:02" hostname="DESKTOP-CAVF6SU" time="0.074">
  <properties/>
  <testcase name="testRegistFactoryMethod" classname="DefaultBeanFactoryTest" time="0.074"/>
  <system-out><![CDATA[工厂方法方式------------
1648691462700 com.springmy.testbean.ABean@7c7d0d1d
1648691462700 com.springmy.testbean.ABean@7c7d0d1d
1648691462701 com.springmy.testbean.ABean@7c7d0d1d
销毁------------
]]></system-out>
  <system-err><![CDATA[]]></system-err>
</testsuite>
